2018-03-10 19:40:03 - Starting CredsRepoApplication on Hitomi4 with PID 90136 (C:\credentialsstore\target\classes started by kyleg_000 in C:\credentialsstore)
2018-03-10 19:40:03 - No active profile set, falling back to default profiles: default
2018-03-10 19:40:13 - Started CredsRepoApplication in 10.147 seconds (JVM running for 11.796)
2018-03-10 19:40:34 - New account df added to group MANAGERS by null on 2018-03-10 19:40:34.0.
2018-03-10 19:52:23 - Starting CredsRepoApplication on Hitomi4 with PID 75564 (C:\credentialsstore\target\classes started by kyleg_000 in C:\credentialsstore)
2018-03-10 19:52:23 - No active profile set, falling back to default profiles: default
2018-03-10 19:52:31 - Started CredsRepoApplication in 9.088 seconds (JVM running for 10.266)
2018-03-10 19:52:46 - New account asdf added to group MANAGERS by null on 2018-03-10 19:52:46.0.
2018-03-10 20:48:00 - Starting CredsRepoApplication on Hitomi4 with PID 51384 (C:\credentialsstore\target\classes started by kyleg_000 in C:\credentialsstore)
2018-03-10 20:48:00 - No active profile set, falling back to default profiles: default
2018-03-10 20:48:09 - Started CredsRepoApplication in 9.505 seconds (JVM running for 10.766)
2018-03-10 20:52:40 - New account facebook added to group MANAGERS by null on 2018-03-10 20:52:40.0.
2018-03-10 20:53:16 - Starting CredsRepoApplication on Hitomi4 with PID 91648 (C:\credentialsstore\target\classes started by kyleg_000 in C:\credentialsstore)
2018-03-10 20:53:16 - No active profile set, falling back to default profiles: default
2018-03-10 20:53:27 - Started CredsRepoApplication in 11.252 seconds (JVM running for 13.598)
2018-03-10 21:07:20 - New account fb added to group MANAGERS by null on 2018-03-10 21:07:13.0.
2018-03-10 21:11:55 - Starting CredsRepoApplication on Hitomi4 with PID 89900 (C:\credentialsstore\target\classes started by kyleg_000 in C:\credentialsstore)
2018-03-10 21:11:55 - No active profile set, falling back to default profiles: default
2018-03-10 21:12:05 - Started CredsRepoApplication in 11.286 seconds (JVM running for 12.935)
2018-03-10 21:13:04 - New account facebook added to group MANAGERS by null on 2018-03-10 21:13:04.0.
2018-03-10 21:29:35 - Starting CredsRepoApplication on Hitomi4 with PID 82600 (C:\credentialsstore\target\classes started by kyleg_000 in C:\credentialsstore)
2018-03-10 21:29:35 - No active profile set, falling back to default profiles: default
2018-03-10 21:29:46 - Started CredsRepoApplication in 11.205 seconds (JVM running for 12.891)
2018-03-10 21:30:24 - New account red added to group MANAGERS by null on 2018-03-10 21:30:24.0.
