2018-03-08 10:01:58 - Starting CredsRepoApplication on Hitomi4 with PID 49580 (C:\credentialsstore\target\classes started by kyleg_000 in C:\credentialsstore)
2018-03-08 10:01:58 - No active profile set, falling back to default profiles: default
2018-03-08 10:02:11 - Started CredsRepoApplication in 13.941 seconds (JVM running for 15.732)
2018-03-08 10:04:43 - Starting CredsRepoApplication on Hitomi4 with PID 56696 (C:\credentialsstore\target\classes started by kyleg_000 in C:\credentialsstore)
2018-03-08 10:04:43 - No active profile set, falling back to default profiles: default
2018-03-08 10:04:51 - Started CredsRepoApplication in 8.969 seconds (JVM running for 10.359)
2018-03-08 10:17:50 - Starting CredsRepoApplication on Hitomi4 with PID 60256 (C:\credentialsstore\target\classes started by kyleg_000 in C:\credentialsstore)
2018-03-08 10:17:50 - No active profile set, falling back to default profiles: default
2018-03-08 10:17:59 - Started CredsRepoApplication in 9.169 seconds (JVM running for 10.279)
2018-03-08 10:19:37 - Starting CredsRepoApplication on Hitomi4 with PID 61312 (C:\credentialsstore\target\classes started by kyleg_000 in C:\credentialsstore)
2018-03-08 10:19:37 - No active profile set, falling back to default profiles: default
2018-03-08 10:19:46 - Started CredsRepoApplication in 9.109 seconds (JVM running for 10.219)
2018-03-08 10:20:07 - New account twitter added to group MANAGERS by null on 2018-03-08 10:20:07.0.
2018-03-08 10:22:29 - New account facebook added to group DEVELOPERS by null on 2018-03-08 10:22:29.0.
2018-03-08 10:33:23 - Starting CredsRepoApplication on Hitomi4 with PID 55240 (C:\credentialsstore\target\classes started by kyleg_000 in C:\credentialsstore)
2018-03-08 10:33:23 - No active profile set, falling back to default profiles: default
2018-03-08 10:38:50 - Starting CredsRepoApplication on Hitomi4 with PID 59648 (C:\credentialsstore\target\classes started by kyleg_000 in C:\credentialsstore)
2018-03-08 10:38:50 - No active profile set, falling back to default profiles: default
2018-03-08 10:50:11 - Starting CredsRepoApplication on Hitomi4 with PID 62216 (C:\credentialsstore\target\classes started by kyleg_000 in C:\credentialsstore)
2018-03-08 10:50:11 - No active profile set, falling back to default profiles: default
2018-03-08 10:50:48 - Starting CredsRepoApplication on Hitomi4 with PID 56508 (C:\credentialsstore\target\classes started by kyleg_000 in C:\credentialsstore)
2018-03-08 10:50:48 - No active profile set, falling back to default profiles: default
2018-03-08 10:52:33 - Starting CredsRepoApplication on Hitomi4 with PID 56452 (C:\credentialsstore\target\classes started by kyleg_000 in C:\credentialsstore)
2018-03-08 10:52:33 - No active profile set, falling back to default profiles: default
2018-03-08 10:56:25 - Starting CredsRepoApplication on Hitomi4 with PID 60076 (C:\credentialsstore\target\classes started by kyleg_000 in C:\credentialsstore)
2018-03-08 10:56:25 - No active profile set, falling back to default profiles: default
2018-03-08 10:58:15 - Starting CredsRepoApplication on Hitomi4 with PID 61772 (C:\credentialsstore\target\classes started by kyleg_000 in C:\credentialsstore)
2018-03-08 10:58:15 - No active profile set, falling back to default profiles: default
2018-03-08 11:29:37 - Starting CredsRepoApplication on Hitomi4 with PID 55800 (C:\credentialsstore\target\classes started by kyleg_000 in C:\credentialsstore)
2018-03-08 11:29:37 - No active profile set, falling back to default profiles: default
2018-03-08 11:31:49 - Starting CredsRepoApplication on Hitomi4 with PID 61236 (C:\credentialsstore\target\classes started by kyleg_000 in C:\credentialsstore)
2018-03-08 11:31:49 - No active profile set, falling back to default profiles: default
2018-03-08 11:41:16 - Starting CredsRepoApplication on Hitomi4 with PID 59352 (C:\credentialsstore\target\classes started by kyleg_000 in C:\credentialsstore)
2018-03-08 11:41:16 - No active profile set, falling back to default profiles: default
2018-03-08 11:46:30 - Starting CredsRepoApplication on Hitomi4 with PID 56484 (C:\credentialsstore\target\classes started by kyleg_000 in C:\credentialsstore)
2018-03-08 11:46:30 - No active profile set, falling back to default profiles: default
2018-03-08 11:49:04 - Starting CredsRepoApplication on Hitomi4 with PID 60508 (C:\credentialsstore\target\classes started by kyleg_000 in C:\credentialsstore)
2018-03-08 11:49:04 - No active profile set, falling back to default profiles: default
2018-03-08 11:50:13 - Starting CredsRepoApplication on Hitomi4 with PID 34464 (C:\credentialsstore\target\classes started by kyleg_000 in C:\credentialsstore)
2018-03-08 11:50:13 - No active profile set, falling back to default profiles: default
2018-03-08 11:50:22 - Started CredsRepoApplication in 8.786 seconds (JVM running for 9.921)
2018-03-08 11:50:40 - Starting CredsRepoApplication on Hitomi4 with PID 55492 (C:\credentialsstore\target\classes started by kyleg_000 in C:\credentialsstore)
2018-03-08 11:50:40 - No active profile set, falling back to default profiles: default
2018-03-08 11:54:29 - Starting CredsRepoApplication on Hitomi4 with PID 61540 (C:\credentialsstore\target\classes started by kyleg_000 in C:\credentialsstore)
2018-03-08 11:54:29 - No active profile set, falling back to default profiles: default
2018-03-08 11:54:37 - Started CredsRepoApplication in 8.843 seconds (JVM running for 10.1)
2018-03-08 11:54:56 - New account tyahho added to group MANAGERS by null on 2018-03-08 11:54:56.0.
2018-03-08 11:55:05 - Account fasdf in group DEVELOPERS was updated by ben on 2018-03-08 11:55:05.0.
2018-03-08 11:55:10 - Account fasdf in group DEVELOPERS was deleted by ben on 2018-03-08 11:55:10.0.
2018-03-08 18:40:04 - Starting CredsRepoApplication on Hitomi4 with PID 66080 (C:\credentialsstore\target\classes started by kyleg_000 in C:\credentialsstore)
2018-03-08 18:40:04 - No active profile set, falling back to default profiles: default
2018-03-08 18:40:13 - Started CredsRepoApplication in 9.554 seconds (JVM running for 10.853)
2018-03-08 18:41:26 - Starting CredsRepoApplication on Hitomi4 with PID 67128 (C:\credentialsstore\target\classes started by kyleg_000 in C:\credentialsstore)
2018-03-08 18:41:26 - No active profile set, falling back to default profiles: default
2018-03-08 18:41:35 - Started CredsRepoApplication in 9.442 seconds (JVM running for 10.636)
2018-03-08 18:44:57 - Starting CredsRepoApplication on Hitomi4 with PID 51532 (C:\credentialsstore\target\classes started by kyleg_000 in C:\credentialsstore)
2018-03-08 18:44:57 - No active profile set, falling back to default profiles: default
2018-03-08 18:45:08 - Started CredsRepoApplication in 11.115 seconds (JVM running for 13.418)
2018-03-08 18:50:04 - Starting CredsRepoApplication on Hitomi4 with PID 57924 (C:\credentialsstore\target\classes started by kyleg_000 in C:\credentialsstore)
2018-03-08 18:50:04 - No active profile set, falling back to default profiles: default
2018-03-08 18:50:13 - Started CredsRepoApplication in 9.813 seconds (JVM running for 11.153)
2018-03-08 18:52:35 - Starting CredsRepoApplication on Hitomi4 with PID 66112 (C:\credentialsstore\target\classes started by kyleg_000 in C:\credentialsstore)
2018-03-08 18:52:35 - No active profile set, falling back to default profiles: default
2018-03-08 18:52:44 - Started CredsRepoApplication in 9.594 seconds (JVM running for 10.786)
2018-03-08 18:53:02 - New account facebook added to group MANAGERS by null on 2018-03-08 18:53:02.0.
2018-03-08 18:53:10 - Account facebook in group DEVELOPERS was updated by ben on 2018-03-08 18:53:10.0.
2018-03-08 18:53:12 - Account facebook in group DEVELOPERS was deleted by ben on 2018-03-08 18:53:12.0.
