2018-02-27 11:39:05 - Starting CredsRepoApplication on Hitomi4 with PID 8420 (C:\credentialsstore\target\classes started by kyleg_000 in C:\credentialsstore)
2018-02-27 11:39:05 - No active profile set, falling back to default profiles: default
2018-02-27 11:39:07 - Starting CredsRepoApplication on Hitomi4 with PID 12948 (C:\credentialsstore\target\classes started by kyleg_000 in C:\credentialsstore)
2018-02-27 11:39:07 - No active profile set, falling back to default profiles: default
2018-02-27 11:39:16 - Started CredsRepoApplication in 11.255 seconds (JVM running for 12.789)
2018-02-27 11:39:43 - Starting CredsRepoApplication on Hitomi4 with PID 14288 (C:\credentialsstore\target\classes started by kyleg_000 in C:\credentialsstore)
2018-02-27 11:39:43 - No active profile set, falling back to default profiles: default
2018-02-27 11:39:53 - Started CredsRepoApplication in 10.112 seconds (JVM running for 11.274)
2018-02-27 11:40:21 - New account facebook added to group dev by kyle on 2018-02-27 11:40:21.0.
2018-02-27 11:40:51 - Account twitter in group admin was updated by kyle on 2018-02-27 11:40:21.0.
2018-02-27 11:43:22 - Starting CredsRepoApplication on Hitomi4 with PID 656 (C:\credentialsstore\target\classes started by kyleg_000 in C:\credentialsstore)
2018-02-27 11:43:22 - No active profile set, falling back to default profiles: default
2018-02-27 11:43:31 - Started CredsRepoApplication in 9.343 seconds (JVM running for 10.431)
2018-02-27 11:44:42 - New account reddit added to group dev by kyle on 2018-02-27 11:44:42.0.
2018-02-27 11:45:07 - Account facebook in group admin was updated by kyle on 2018-02-27 11:45:07.0.
2018-02-27 11:45:32 - Account facebook in group admin was deleted by kyle on 2018-02-27 11:45:32.0.
2018-02-27 15:33:50 - Starting CredsRepoApplication on Hitomi4 with PID 9780 (C:\credentialsstore\target\classes started by kyleg_000 in C:\credentialsstore)
2018-02-27 15:33:50 - No active profile set, falling back to default profiles: default
2018-02-27 15:34:02 - Started CredsRepoApplication in 12.663 seconds (JVM running for 14.467)
2018-02-27 16:52:32 - Starting CredsRepoApplication on Hitomi4 with PID 17200 (C:\credentialsstore\target\classes started by kyleg_000 in C:\credentialsstore)
2018-02-27 16:52:32 - No active profile set, falling back to default profiles: default
2018-02-27 16:52:42 - Started CredsRepoApplication in 10.71 seconds (JVM running for 12.081)
2018-02-27 16:53:41 - Starting CredsRepoApplication on Hitomi4 with PID 10044 (C:\credentialsstore\target\classes started by kyleg_000 in C:\credentialsstore)
2018-02-27 16:53:41 - No active profile set, falling back to default profiles: default
2018-02-27 16:53:53 - Started CredsRepoApplication in 12.325 seconds (JVM running for 14.73)
2018-02-27 17:00:23 - Starting CredsRepoApplication on Hitomi4 with PID 13764 (C:\credentialsstore\target\classes started by kyleg_000 in C:\credentialsstore)
2018-02-27 17:00:23 - No active profile set, falling back to default profiles: default
2018-02-27 17:00:33 - Started CredsRepoApplication in 10.237 seconds (JVM running for 11.425)
2018-02-27 17:01:19 - Starting CredsRepoApplication on Hitomi4 with PID 8432 (C:\credentialsstore\target\classes started by kyleg_000 in C:\credentialsstore)
2018-02-27 17:01:19 - No active profile set, falling back to default profiles: default
2018-02-27 17:01:29 - Started CredsRepoApplication in 10.187 seconds (JVM running for 11.814)
2018-02-27 17:01:54 - Starting CredsRepoApplication on Hitomi4 with PID 12028 (C:\credentialsstore\target\classes started by kyleg_000 in C:\credentialsstore)
2018-02-27 17:01:54 - No active profile set, falling back to default profiles: default
2018-02-27 17:02:04 - Started CredsRepoApplication in 10.324 seconds (JVM running for 11.559)
2018-02-27 17:02:58 - Starting CredsRepoApplication on Hitomi4 with PID 13716 (C:\credentialsstore\target\classes started by kyleg_000 in C:\credentialsstore)
2018-02-27 17:02:58 - No active profile set, falling back to default profiles: default
2018-02-27 17:03:08 - Started CredsRepoApplication in 10.16 seconds (JVM running for 11.52)
2018-02-27 17:06:28 - Starting CredsRepoApplication on Hitomi4 with PID 11260 (C:\credentialsstore\target\classes started by kyleg_000 in C:\credentialsstore)
2018-02-27 17:06:28 - No active profile set, falling back to default profiles: default
2018-02-27 17:06:37 - Started CredsRepoApplication in 9.521 seconds (JVM running for 10.923)
2018-02-27 17:14:43 - Starting CredsRepoApplication on Hitomi4 with PID 19348 (C:\credentialsstore\target\classes started by kyleg_000 in C:\credentialsstore)
2018-02-27 17:14:43 - No active profile set, falling back to default profiles: default
2018-02-27 17:14:52 - Started CredsRepoApplication in 9.496 seconds (JVM running for 10.744)
2018-02-27 17:16:25 - Starting CredsRepoApplication on Hitomi4 with PID 2860 (C:\credentialsstore\target\classes started by kyleg_000 in C:\credentialsstore)
2018-02-27 17:16:25 - No active profile set, falling back to default profiles: default
2018-02-27 17:16:34 - Started CredsRepoApplication in 9.6 seconds (JVM running for 10.882)
2018-02-27 17:17:31 - Starting CredsRepoApplication on Hitomi4 with PID 10136 (C:\credentialsstore\target\classes started by kyleg_000 in C:\credentialsstore)
2018-02-27 17:17:31 - No active profile set, falling back to default profiles: default
2018-02-27 17:17:40 - Started CredsRepoApplication in 9.323 seconds (JVM running for 10.69)
2018-02-27 17:22:05 - Starting CredsRepoApplication on Hitomi4 with PID 13476 (C:\credentialsstore\target\classes started by kyleg_000 in C:\credentialsstore)
2018-02-27 17:22:05 - No active profile set, falling back to default profiles: default
2018-02-27 17:22:15 - Started CredsRepoApplication in 10.094 seconds (JVM running for 11.319)
2018-02-27 17:40:40 - Starting CredsRepoApplication on Hitomi4 with PID 16128 (C:\credentialsstore\target\classes started by kyleg_000 in C:\credentialsstore)
2018-02-27 17:40:40 - No active profile set, falling back to default profiles: default
2018-02-27 17:40:50 - Started CredsRepoApplication in 10.79 seconds (JVM running for 11.944)
2018-02-27 19:55:53 - Starting CredsRepoApplication on Hitomi4 with PID 12320 (C:\credentialsstore\target\classes started by kyleg_000 in C:\credentialsstore)
2018-02-27 19:55:53 - No active profile set, falling back to default profiles: default
2018-02-27 19:56:04 - Started CredsRepoApplication in 11.246 seconds (JVM running for 12.419)
2018-02-27 19:58:44 - Starting CredsRepoApplication on Hitomi4 with PID 9200 (C:\credentialsstore\target\classes started by kyleg_000 in C:\credentialsstore)
2018-02-27 19:58:44 - No active profile set, falling back to default profiles: default
2018-02-27 19:58:55 - Started CredsRepoApplication in 11.244 seconds (JVM running for 12.578)
2018-02-27 20:00:42 - Starting CredsRepoApplication on Hitomi4 with PID 10168 (C:\credentialsstore\target\classes started by kyleg_000 in C:\credentialsstore)
2018-02-27 20:00:42 - No active profile set, falling back to default profiles: default
2018-02-27 20:00:55 - Started CredsRepoApplication in 12.555 seconds (JVM running for 13.835)
2018-02-27 20:02:58 - Starting CredsRepoApplication on Hitomi4 with PID 10256 (C:\credentialsstore\target\classes started by kyleg_000 in C:\credentialsstore)
2018-02-27 20:02:58 - No active profile set, falling back to default profiles: default
2018-02-27 20:03:09 - Started CredsRepoApplication in 11.598 seconds (JVM running for 12.883)
2018-02-27 20:25:13 - Starting CredsRepoApplication on Hitomi4 with PID 13940 (C:\credentialsstore\target\classes started by kyleg_000 in C:\credentialsstore)
2018-02-27 20:25:13 - No active profile set, falling back to default profiles: default
2018-02-27 20:25:34 - Started CredsRepoApplication in 21.487 seconds (JVM running for 22.74)
2018-02-27 20:31:00 - Starting CredsRepoApplication on Hitomi4 with PID 11860 (C:\credentialsstore\target\classes started by kyleg_000 in C:\credentialsstore)
2018-02-27 20:31:00 - No active profile set, falling back to default profiles: default
2018-02-27 20:31:13 - Started CredsRepoApplication in 13.394 seconds (JVM running for 14.499)
2018-02-27 20:38:39 - Starting CredsRepoApplication on Hitomi4 with PID 10900 (C:\credentialsstore\target\classes started by kyleg_000 in C:\credentialsstore)
2018-02-27 20:38:39 - No active profile set, falling back to default profiles: default
2018-02-27 20:38:56 - Started CredsRepoApplication in 16.862 seconds (JVM running for 17.853)
2018-02-27 21:13:02 - Starting CredsRepoApplication on Hitomi4 with PID 12568 (C:\credentialsstore\target\classes started by kyleg_000 in C:\credentialsstore)
2018-02-27 21:13:02 - No active profile set, falling back to default profiles: default
2018-02-27 21:13:18 - Started CredsRepoApplication in 15.807 seconds (JVM running for 17.064)
2018-02-27 21:14:05 - New account twitter added to group ROLE_MANAGERS by kyle on 2018-02-27 21:14:05.0.
2018-02-27 21:26:00 - Starting CredsRepoApplication on Hitomi4 with PID 10048 (C:\credentialsstore\target\classes started by kyleg_000 in C:\credentialsstore)
2018-02-27 21:26:00 - No active profile set, falling back to default profiles: default
2018-02-27 21:26:14 - Started CredsRepoApplication in 14.335 seconds (JVM running for 15.563)
2018-02-27 21:35:31 - Starting CredsRepoApplication on Hitomi4 with PID 5208 (C:\credentialsstore\target\classes started by kyleg_000 in C:\credentialsstore)
2018-02-27 21:35:31 - No active profile set, falling back to default profiles: default
2018-02-27 21:35:47 - Started CredsRepoApplication in 16.245 seconds (JVM running for 17.537)
2018-02-27 21:36:32 - New account twitter added to group ROLE_MANAGERS by null on 2018-02-27 21:36:32.0.
2018-02-27 21:47:07 - Starting CredsRepoApplication on Hitomi4 with PID 17532 (C:\credentialsstore\target\classes started by kyleg_000 in C:\credentialsstore)
2018-02-27 21:47:07 - No active profile set, falling back to default profiles: default
2018-02-27 21:47:20 - Started CredsRepoApplication in 13.989 seconds (JVM running for 15.239)
2018-02-27 21:47:44 - New account twitter added to group ROLE_DEVELOPERS by null on 2018-02-27 21:47:44.0.
2018-02-27 21:56:25 - Starting CredsRepoApplication on Hitomi4 with PID 12088 (C:\credentialsstore\target\classes started by kyleg_000 in C:\credentialsstore)
2018-02-27 21:56:25 - No active profile set, falling back to default profiles: default
2018-02-27 21:56:48 - Started CredsRepoApplication in 22.656 seconds (JVM running for 23.967)
2018-02-27 21:58:17 - Starting CredsRepoApplication on Hitomi4 with PID 1116 (C:\credentialsstore\target\classes started by kyleg_000 in C:\credentialsstore)
2018-02-27 21:58:17 - No active profile set, falling back to default profiles: default
2018-02-27 21:58:31 - Started CredsRepoApplication in 14.224 seconds (JVM running for 15.67)
2018-02-27 21:58:59 - New account twitter added to group group by null on 2018-02-27 21:58:59.0.
2018-02-27 21:59:11 - New account facebook added to group ROLE_MANAGERS by null on 2018-02-27 21:59:11.0.
2018-02-27 22:00:08 - Account fb in group ROLE_MANAGERS was updated by ben on 2018-02-27 22:00:07.0.
2018-02-27 22:00:28 - Starting CredsRepoApplication on Hitomi4 with PID 17088 (C:\credentialsstore\target\classes started by kyleg_000 in C:\credentialsstore)
2018-02-27 22:00:28 - No active profile set, falling back to default profiles: default
2018-02-27 22:00:42 - Started CredsRepoApplication in 13.407 seconds (JVM running for 14.562)
2018-02-27 22:01:11 - New account twitter added to group ROLE_MANAGERS by null on 2018-02-27 22:01:11.0.
2018-02-27 22:01:30 - Account facebook in group ROLE_DEVELOPERS was updated by ben on 2018-02-27 22:01:30.0.
2018-02-27 22:01:36 - Account facebook in group ROLE_DEVELOPERS was deleted by ben on 2018-02-27 22:01:36.0.
